# JRE version: Java(TM) SE Runtime Environment (8.0_202-b08) (build 1.8.0_202-b08)
# Java VM: Java HotSpot(TM) 64-Bit Server VM (25.202-b08 mixed mode linux-amd64 compressed oops)
Heap:
 PSYoungGen      total 8841216K, used 0K [0x000000056ab00000, 0x00000007c0000000, 0x00000007c0000000)
  eden space 7926784K, 0% used [0x000000056ab00000,0x000000056ab00000,0x000000074e800000)
  from space 914432K, 0% used [0x0000000788300000,0x0000000788300000,0x00000007c0000000)
  to   space 929792K, 0% used [0x000000074e800000,0x000000074e800000,0x0000000787400000)
 ParOldGen       total 3228672K, used 2602465K [0x00000000c0000000, 0x0000000185100000, 0x000000056ab00000)
  object space 3228672K, 80% used [0x00000000c0000000,0x000000015ed787f0,0x0000000185100000)
 Metaspace       used 55951K, capacity 57202K, committed 57344K, reserved 1097728K
  class space    used 8997K, capacity 9194K, committed 9216K, reserved 1048576K
GC Heap History (10 events):
Event: 1229.179 GC heap after
Heap after GC invocations=156 (full 8):
 PSYoungGen      total 8800256K, used 743036K [0x000000056ab00000, 0x00000007bd680000, 0x00000007c0000000)
  eden space 7859712K, 0% used [0x000000056ab00000,0x000000056ab00000,0x000000074a680000)
  from space 940544K, 79% used [0x0000000783080000,0x00000007b061f140,0x00000007bc700000)
  to   space 927744K, 0% used [0x000000074a680000,0x000000074a680000,0x0000000783080000)
 ParOldGen       total 3228672K, used 3003456K [0x00000000c0000000, 0x0000000185100000, 0x000000056ab00000)
  object space 3228672K, 93% used [0x00000000c0000000,0x00000001775102c0,0x0000000185100000)
 Metaspace       used 55950K, capacity 57202K, committed 57344K, reserved 1097728K
  class space    used 8997K, capacity 9194K, committed 9216K, reserved 1048576K
}
Event: 1242.772 GC heap before
{Heap before GC invocations=157 (full 8):
 PSYoungGen      total 8800256K, used 8602748K [0x000000056ab00000, 0x00000007bd680000, 0x00000007c0000000)
  eden space 7859712K, 100% used [0x000000056ab00000,0x000000074a680000,0x000000074a680000)
  from space 940544K, 79% used [0x0000000783080000,0x00000007b061f140,0x00000007bc700000)
  to   space 927744K, 0% used [0x000000074a680000,0x000000074a680000,0x0000000783080000)
 ParOldGen       total 3228672K, used 3003456K [0x00000000c0000000, 0x0000000185100000, 0x000000056ab00000)
  object space 3228672K, 93% used [0x00000000c0000000,0x00000001775102c0,0x0000000185100000)
 Metaspace       used 55950K, capacity 57202K, committed 57344K, reserved 1097728K
  class space    used 8997K, capacity 9194K, committed 9216K, reserved 1048576K
Event: 1242.873 GC heap after
Heap after GC invocations=157 (full 8):
 PSYoungGen      total 8787456K, used 718163K [0x000000056ab00000, 0x00000007bcb80000, 0x00000007c0000000)
  eden space 7859712K, 0% used [0x000000056ab00000,0x000000056ab00000,0x000000074a680000)
  from space 927744K, 77% used [0x000000074a680000,0x00000007763d4ce0,0x0000000783080000)
  to   space 907264K, 0% used [0x0000000785580000,0x0000000785580000,0x00000007bcb80000)
 ParOldGen       total 3228672K, used 3084208K [0x00000000c0000000, 0x0000000185100000, 0x000000056ab00000)
  object space 3228672K, 95% used [0x00000000c0000000,0x000000017c3ec3e0,0x0000000185100000)
 Metaspace       used 55950K, capacity 57202K, committed 57344K, reserved 1097728K
  class space    used 8997K, capacity 9194K, committed 9216K, reserved 1048576K
}
Event: 1251.197 GC heap before
{Heap before GC invocations=158 (full 8):
 PSYoungGen      total 8787456K, used 8577875K [0x000000056ab00000, 0x00000007bcb80000, 0x00000007c0000000)
  eden space 7859712K, 100% used [0x000000056ab00000,0x000000074a680000,0x000000074a680000)
  from space 927744K, 77% used [0x000000074a680000,0x00000007763d4ce0,0x0000000783080000)
  to   space 907264K, 0% used [0x0000000785580000,0x0000000785580000,0x00000007bcb80000)
 ParOldGen       total 3228672K, used 3084208K [0x00000000c0000000, 0x0000000185100000, 0x000000056ab00000)
  object space 3228672K, 95% used [0x00000000c0000000,0x000000017c3ec3e0,0x0000000185100000)
 Metaspace       used 55950K, capacity 57202K, committed 57344K, reserved 1097728K
  class space    used 8997K, capacity 9194K, committed 9216K, reserved 1048576K
Event: 1251.262 GC heap after
Heap after GC invocations=158 (full 8):
 PSYoungGen      total 8837120K, used 680055K [0x000000056ab00000, 0x00000007bd500000, 0x00000007c0000000)
  eden space 7929856K, 0% used [0x000000056ab00000,0x000000056ab00000,0x000000074eb00000)
  from space 907264K, 74% used [0x0000000785580000,0x00000007aed9dd00,0x00000007bcb80000)
  to   space 895488K, 0% used [0x000000074eb00000,0x000000074eb00000,0x0000000785580000)
 ParOldGen       total 3228672K, used 3117170K [0x00000000c0000000, 0x0000000185100000, 0x000000056ab00000)
  object space 3228672K, 96% used [0x00000000c0000000,0x000000017e41c960,0x0000000185100000)
 Metaspace       used 55950K, capacity 57202K, committed 57344K, reserved 1097728K
  class space    used 8997K, capacity 9194K, committed 9216K, reserved 1048576K
}
Event: 1260.289 GC heap before
{Heap before GC invocations=159 (full 8):
 PSYoungGen      total 8837120K, used 8609911K [0x000000056ab00000, 0x00000007bd500000, 0x00000007c0000000)
  eden space 7929856K, 100% used [0x000000056ab00000,0x000000074eb00000,0x000000074eb00000)
  from space 907264K, 74% used [0x0000000785580000,0x00000007aed9dd00,0x00000007bcb80000)
  to   space 895488K, 0% used [0x000000074eb00000,0x000000074eb00000,0x0000000785580000)
 ParOldGen       total 3228672K, used 3117170K [0x00000000c0000000, 0x0000000185100000, 0x000000056ab00000)
  object space 3228672K, 96% used [0x00000000c0000000,0x000000017e41c960,0x0000000185100000)
 Metaspace       used 55951K, capacity 57202K, committed 57344K, reserved 1097728K
  class space    used 8997K, capacity 9194K, committed 9216K, reserved 1048576K
Event: 1260.353 GC heap after
Heap after GC invocations=159 (full 8):
 PSYoungGen      total 8825344K, used 814883K [0x000000056ab00000, 0x00000007c0000000, 0x00000007c0000000)
  eden space 7929856K, 0% used [0x000000056ab00000,0x000000056ab00000,0x000000074eb00000)
  from space 895488K, 90% used [0x000000074eb00000,0x00000007806c8cb0,0x0000000785580000)
  to   space 914432K, 0% used [0x0000000788300000,0x0000000788300000,0x00000007c0000000)
 ParOldGen       total 3228672K, used 3131429K [0x00000000c0000000, 0x0000000185100000, 0x000000056ab00000)
  object space 3228672K, 96% used [0x00000000c0000000,0x000000017f2094a0,0x0000000185100000)
 Metaspace       used 55951K, capacity 57202K, committed 57344K, reserved 1097728K
  class space    used 8997K, capacity 9194K, committed 9216K, reserved 1048576K
}
Event: 1265.042 GC heap before
{Heap before GC invocations=160 (full 8):
 PSYoungGen      total 8825344K, used 8744739K [0x000000056ab00000, 0x00000007c0000000, 0x00000007c0000000)
  eden space 7929856K, 100% used [0x000000056ab00000,0x000000074eb00000,0x000000074eb00000)
  from space 895488K, 90% used [0x000000074eb00000,0x00000007806c8cb0,0x0000000785580000)
  to   space 914432K, 0% used [0x0000000788300000,0x0000000788300000,0x00000007c0000000)
 ParOldGen       total 3228672K, used 3131429K [0x00000000c0000000, 0x0000000185100000, 0x000000056ab00000)
  object space 3228672K, 96% used [0x00000000c0000000,0x000000017f2094a0,0x0000000185100000)
 Metaspace       used 55951K, capacity 57202K, committed 57344K, reserved 1097728K
  class space    used 8997K, capacity 9194K, committed 9216K, reserved 1048576K
Event: 1265.353 GC heap after
Heap after GC invocations=160 (full 8):
 PSYoungGen      total 8841216K, used 818688K [0x000000056ab00000, 0x00000007c0000000, 0x00000007c0000000)
  eden space 7926784K, 0% used [0x000000056ab00000,0x000000056ab00000,0x000000074e800000)
  from space 914432K, 89% used [0x0000000788300000,0x00000007ba280310,0x00000007c0000000)
  to   space 929792K, 0% used [0x000000074e800000,0x000000074e800000,0x0000000787400000)
 ParOldGen       total 3228672K, used 3176330K [0x00000000c0000000, 0x0000000185100000, 0x000000056ab00000)
  object space 3228672K, 98% used [0x00000000c0000000,0x0000000181de2a00,0x0000000185100000)
 Metaspace       used 55951K, capacity 57202K, committed 57344K, reserved 1097728K
  class space    used 8997K, capacity 9194K, committed 9216K, reserved 1048576K
}
Event: 1265.353 GC heap before
{Heap before GC invocations=161 (full 9):
 PSYoungGen      total 8841216K, used 818688K [0x000000056ab00000, 0x00000007c0000000, 0x00000007c0000000)
  eden space 7926784K, 0% used [0x000000056ab00000,0x000000056ab00000,0x000000074e800000)
  from space 914432K, 89% used [0x0000000788300000,0x00000007ba280310,0x00000007c0000000)
  to   space 929792K, 0% used [0x000000074e800000,0x000000074e800000,0x0000000787400000)
 ParOldGen       total 3228672K, used 3176330K [0x00000000c0000000, 0x0000000185100000, 0x000000056ab00000)
  object space 3228672K, 98% used [0x00000000c0000000,0x0000000181de2a00,0x0000000185100000)
 Metaspace       used 55951K, capacity 57202K, committed 57344K, reserved 1097728K
  class space    used 8997K, capacity 9194K, committed 9216K, reserved 1048576K

