# JRE version: Java(TM) SE Runtime Environment (8.0_202-b08) (build 1.8.0_202-b08)
# Java VM: Java HotSpot(TM) 64-Bit Server VM (25.202-b08 mixed mode linux-amd64 compressed oops)
Heap:
 PSYoungGen      total 2211840K, used 463222K [0x00000006eab00000, 0x00000007bb400000, 0x00000007c0000000)
  eden space 1047040K, 0% used [0x00000006eab00000,0x00000006eab00000,0x000000072a980000)
  from space 1164800K, 39% used [0x0000000771b00000,0x000000078df5dbe0,0x00000007b8c80000)
  to   space 1164800K, 0% used [0x000000072a980000,0x000000072a980000,0x0000000771b00000)
 ParOldGen       total 6529536K, used 6529217K [0x0000000540000000, 0x00000006ce880000, 0x00000006eab00000)
  object space 6529536K, 99% used [0x0000000540000000,0x00000006ce8304f8,0x00000006ce880000)
 Metaspace       used 55465K, capacity 56698K, committed 56960K, reserved 1097728K
  class space    used 9085K, capacity 9284K, committed 9344K, reserved 1048576K
GC Heap History (10 events):
Event: 70.729 GC heap after
Heap after GC invocations=32 (full 10):
 PSYoungGen      total 1890816K, used 1025513K [0x00000006eab00000, 0x00000007b6a80000, 0x00000007c0000000)
  eden space 865280K, 0% used [0x00000006eab00000,0x00000006eab00000,0x000000071f800000)
  from space 1025536K, 99% used [0x0000000766980000,0x00000007a52fa798,0x00000007a5300000)
  to   space 1164800K, 0% used [0x000000071f800000,0x000000071f800000,0x0000000766980000)
 ParOldGen       total 4551680K, used 4549296K [0x0000000540000000, 0x0000000655d00000, 0x00000006eab00000)
  object space 4551680K, 99% used [0x0000000540000000,0x0000000655aac300,0x0000000655d00000)
 Metaspace       used 55463K, capacity 56698K, committed 56960K, reserved 1097728K
  class space    used 9085K, capacity 9284K, committed 9344K, reserved 1048576K
}
Event: 70.729 GC heap before
{Heap before GC invocations=33 (full 11):
 PSYoungGen      total 1890816K, used 1025513K [0x00000006eab00000, 0x00000007b6a80000, 0x00000007c0000000)
  eden space 865280K, 0% used [0x00000006eab00000,0x00000006eab00000,0x000000071f800000)
  from space 1025536K, 99% used [0x0000000766980000,0x00000007a52fa798,0x00000007a5300000)
  to   space 1164800K, 0% used [0x000000071f800000,0x000000071f800000,0x0000000766980000)
 ParOldGen       total 4551680K, used 4549296K [0x0000000540000000, 0x0000000655d00000, 0x00000006eab00000)
  object space 4551680K, 99% used [0x0000000540000000,0x0000000655aac300,0x0000000655d00000)
 Metaspace       used 55463K, capacity 56698K, committed 56960K, reserved 1097728K
  class space    used 9085K, capacity 9284K, committed 9344K, reserved 1048576K
Event: 71.796 GC heap after
Heap after GC invocations=33 (full 11):
 PSYoungGen      total 1890816K, used 726383K [0x00000006eab00000, 0x00000007b6a80000, 0x00000007c0000000)
  eden space 865280K, 0% used [0x00000006eab00000,0x00000006eab00000,0x000000071f800000)
  from space 1025536K, 70% used [0x0000000766980000,0x0000000792edbfd0,0x00000007a5300000)
  to   space 1164800K, 0% used [0x000000071f800000,0x000000071f800000,0x0000000766980000)
 ParOldGen       total 5454336K, used 4551453K [0x0000000540000000, 0x000000068ce80000, 0x00000006eab00000)
  object space 5454336K, 83% used [0x0000000540000000,0x0000000655cc76c0,0x000000068ce80000)
 Metaspace       used 55463K, capacity 56698K, committed 56960K, reserved 1097728K
  class space    used 9085K, capacity 9284K, committed 9344K, reserved 1048576K
}
Event: 79.655 GC heap before
{Heap before GC invocations=34 (full 11):
 PSYoungGen      total 1890816K, used 1591663K [0x00000006eab00000, 0x00000007b6a80000, 0x00000007c0000000)
  eden space 865280K, 100% used [0x00000006eab00000,0x000000071f800000,0x000000071f800000)
  from space 1025536K, 70% used [0x0000000766980000,0x0000000792edbfd0,0x00000007a5300000)
  to   space 1164800K, 0% used [0x000000071f800000,0x000000071f800000,0x0000000766980000)
 ParOldGen       total 5454336K, used 4551453K [0x0000000540000000, 0x000000068ce80000, 0x00000006eab00000)
  object space 5454336K, 83% used [0x0000000540000000,0x0000000655cc76c0,0x000000068ce80000)
 Metaspace       used 55465K, capacity 56698K, committed 56960K, reserved 1097728K
  class space    used 9085K, capacity 9284K, committed 9344K, reserved 1048576K
Event: 79.962 GC heap after
Heap after GC invocations=34 (full 11):
 PSYoungGen      total 2030080K, used 1134215K [0x00000006eab00000, 0x00000007b8c80000, 0x00000007c0000000)
  eden space 865280K, 0% used [0x00000006eab00000,0x00000006eab00000,0x000000071f800000)
  from space 1164800K, 97% used [0x000000071f800000,0x0000000764ba1e10,0x0000000766980000)
  to   space 1164800K, 0% used [0x0000000771b00000,0x0000000771b00000,0x00000007b8c80000)
 ParOldGen       total 5454336K, used 5277837K [0x0000000540000000, 0x000000068ce80000, 0x00000006eab00000)
  object space 5454336K, 96% used [0x0000000540000000,0x0000000682223690,0x000000068ce80000)
 Metaspace       used 55465K, capacity 56698K, committed 56960K, reserved 1097728K
  class space    used 9085K, capacity 9284K, committed 9344K, reserved 1048576K
}
Event: 79.962 GC heap before
{Heap before GC invocations=35 (full 12):
 PSYoungGen      total 2030080K, used 1134215K [0x00000006eab00000, 0x00000007b8c80000, 0x00000007c0000000)
  eden space 865280K, 0% used [0x00000006eab00000,0x00000006eab00000,0x000000071f800000)
  from space 1164800K, 97% used [0x000000071f800000,0x0000000764ba1e10,0x0000000766980000)
  to   space 1164800K, 0% used [0x0000000771b00000,0x0000000771b00000,0x00000007b8c80000)
 ParOldGen       total 5454336K, used 5277837K [0x0000000540000000, 0x000000068ce80000, 0x00000006eab00000)
  object space 5454336K, 96% used [0x0000000540000000,0x0000000682223690,0x000000068ce80000)
 Metaspace       used 55465K, capacity 56698K, committed 56960K, reserved 1097728K
  class space    used 9085K, capacity 9284K, committed 9344K, reserved 1048576K
Event: 80.825 GC heap after
Heap after GC invocations=35 (full 12):
 PSYoungGen      total 2030080K, used 674875K [0x00000006eab00000, 0x00000007b8c80000, 0x00000007c0000000)
  eden space 865280K, 0% used [0x00000006eab00000,0x00000006eab00000,0x000000071f800000)
  from space 1164800K, 57% used [0x000000071f800000,0x0000000748b0ee80,0x0000000766980000)
  to   space 1164800K, 0% used [0x0000000771b00000,0x0000000771b00000,0x00000007b8c80000)
 ParOldGen       total 6529536K, used 5454238K [0x0000000540000000, 0x00000006ce880000, 0x00000006eab00000)
  object space 6529536K, 83% used [0x0000000540000000,0x000000068ce67bf0,0x00000006ce880000)
 Metaspace       used 55465K, capacity 56698K, committed 56960K, reserved 1097728K
  class space    used 9085K, capacity 9284K, committed 9344K, reserved 1048576K
}
Event: 89.635 GC heap before
{Heap before GC invocations=36 (full 12):
 PSYoungGen      total 2030080K, used 1540155K [0x00000006eab00000, 0x00000007b8c80000, 0x00000007c0000000)
  eden space 865280K, 100% used [0x00000006eab00000,0x000000071f800000,0x000000071f800000)
  from space 1164800K, 57% used [0x000000071f800000,0x0000000748b0ee80,0x0000000766980000)
  to   space 1164800K, 0% used [0x0000000771b00000,0x0000000771b00000,0x00000007b8c80000)
 ParOldGen       total 6529536K, used 5454238K [0x0000000540000000, 0x00000006ce880000, 0x00000006eab00000)
  object space 6529536K, 83% used [0x0000000540000000,0x000000068ce67bf0,0x00000006ce880000)
 Metaspace       used 55465K, capacity 56698K, committed 56960K, reserved 1097728K
  class space    used 9085K, capacity 9284K, committed 9344K, reserved 1048576K
Event: 97.890 GC heap after
Heap after GC invocations=36 (full 12):
 PSYoungGen      total 2211840K, used 1149001K [0x00000006eab00000, 0x00000007bb400000, 0x00000007c0000000)
  eden space 1047040K, 0% used [0x00000006eab00000,0x00000006eab00000,0x000000072a980000)
  from space 1164800K, 98% used [0x0000000771b00000,0x00000007b7d12798,0x00000007b8c80000)
  to   space 1164800K, 0% used [0x000000072a980000,0x000000072a980000,0x0000000771b00000)
 ParOldGen       total 6529536K, used 6129138K [0x0000000540000000, 0x00000006ce880000, 0x00000006eab00000)
  object space 6529536K, 93% used [0x0000000540000000,0x00000006b617ca30,0x00000006ce880000)
 Metaspace       used 55465K, capacity 56698K, committed 56960K, reserved 1097728K
  class space    used 9085K, capacity 9284K, committed 9344K, reserved 1048576K
}
Event: 97.894 GC heap before
{Heap before GC invocations=37 (full 13):
 PSYoungGen      total 2211840K, used 1149001K [0x00000006eab00000, 0x00000007bb400000, 0x00000007c0000000)
  eden space 1047040K, 0% used [0x00000006eab00000,0x00000006eab00000,0x000000072a980000)
  from space 1164800K, 98% used [0x0000000771b00000,0x00000007b7d12798,0x00000007b8c80000)
  to   space 1164800K, 0% used [0x000000072a980000,0x000000072a980000,0x0000000771b00000)
 ParOldGen       total 6529536K, used 6129138K [0x0000000540000000, 0x00000006ce880000, 0x00000006eab00000)
  object space 6529536K, 93% used [0x0000000540000000,0x00000006b617ca30,0x00000006ce880000)
 Metaspace       used 55465K, capacity 56698K, committed 56960K, reserved 1097728K
  class space    used 9085K, capacity 9284K, committed 9344K, reserved 1048576K

